Building configuration...

Current configuration : 7083 bytes
!
! Last configuration change at 01:41:43 UTC Tue May 18 2021
!
version 17.3
service timestamps debug datetime msec
service timestamps log datetime msec
service call-home
platform qfp utilization monitor load 80
no platform punt-keepalive disable-kernel-core
platform console serial
!
hostname dist-rtr02
!
boot-start-marker
boot-end-marker
!
!
vrf definition Mgmt-intf
 !
 address-family ipv4
 exit-address-family
 !
 address-family ipv6
 exit-address-family
!
no logging console
enable password cisco
!
no aaa new-model
!
!
!
!
!
!
!
no ip domain lookup
ip domain name virl.info
!
!
!
login on-success log
!
!
!
!
!
!
!
subscriber templating
! 
! 
! 
! 
!
!
multilink bundle-name authenticated
!
!
!
!
!
!
!
!
!
!
!
!
!
!
!
crypto pki trustpoint SLA-TrustPoint
 enrollment pkcs12
 revocation-check crl
!
crypto pki trustpoint TP-self-signed-102665900
 enrollment selfsigned
 subject-name cn=IOS-Self-Signed-Certificate-102665900
 revocation-check none
 rsakeypair TP-self-signed-102665900
!
!
crypto pki certificate chain SLA-TrustPoint
 certificate ca 01
  30820321 30820209 A0030201 02020101 300D0609 2A864886 F70D0101 0B050030 
  32310E30 0C060355 040A1305 43697363 6F312030 1E060355 04031317 43697363 
  6F204C69 63656E73 696E6720 526F6F74 20434130 1E170D31 33303533 30313934 
  3834375A 170D3338 30353330 31393438 34375A30 32310E30 0C060355 040A1305 
  43697363 6F312030 1E060355 04031317 43697363 6F204C69 63656E73 696E6720 
  526F6F74 20434130 82012230 0D06092A 864886F7 0D010101 05000382 010F0030 
  82010A02 82010100 A6BCBD96 131E05F7 145EA72C 2CD686E6 17222EA1 F1EFF64D 
  CBB4C798 212AA147 C655D8D7 9471380D 8711441E 1AAF071A 9CAE6388 8A38E520 
  1C394D78 462EF239 C659F715 B98C0A59 5BBB5CBD 0CFEBEA3 700A8BF7 D8F256EE 
  4AA4E80D DB6FD1C9 60B1FD18 FFC69C96 6FA68957 A2617DE7 104FDC5F EA2956AC 
  7390A3EB 2B5436AD C847A2C5 DAB553EB 69A9A535 58E9F3E3 C0BD23CF 58BD7188 
  68E69491 20F320E7 948E71D7 AE3BCC84 F10684C7 4BC8E00F 539BA42B 42C68BB7 
  C7479096 B4CB2D62 EA2F505D C7B062A4 6811D95B E8250FC4 5D5D5FB8 8F27D191 
  C55F0D76 61F9A4CD 3D992327 A8BB03BD 4E6D7069 7CBADF8B DF5F4368 95135E44 
  DFC7C6CF 04DD7FD1 02030100 01A34230 40300E06 03551D0F 0101FF04 04030201 
  06300F06 03551D13 0101FF04 05300301 01FF301D 0603551D 0E041604 1449DC85 
  4B3D31E5 1B3E6A17 606AF333 3D3B4C73 E8300D06 092A8648 86F70D01 010B0500 
  03820101 00507F24 D3932A66 86025D9F E838AE5C 6D4DF6B0 49631C78 240DA905 
  604EDCDE FF4FED2B 77FC460E CD636FDB DD44681E 3A5673AB 9093D3B1 6C9E3D8B 
  D98987BF E40CBD9E 1AECA0C2 2189BB5C 8FA85686 CD98B646 5575B146 8DFC66A8 
  467A3DF4 4D565700 6ADF0F0D CF835015 3C04FF7C 21E878AC 11BA9CD2 55A9232C 
  7CA7B7E6 C1AF74F6 152E99B7 B1FCF9BB E973DE7F 5BDDEB86 C71E3B49 1765308B 
  5FB0DA06 B92AFE7F 494E8A9E 07B85737 F3A58BE1 1A48A229 C37C1E69 39F08678 
  80DDCD16 D6BACECA EEBC7CF9 8428787B 35202CDC 60E4616A B623CDBD 230E3AFB 
  418616A9 4093E049 4D10AB75 27E86F73 932E35B5 8862FDAE 0275156F 719BB2F0 
  D697DF7F 28
  	quit
crypto pki certificate chain TP-self-signed-102665900
 certificate self-signed 01
  3082032E 30820216 A0030201 02020101 300D0609 2A864886 F70D0101 05050030 
  30312E30 2C060355 04031325 494F532D 53656C66 2D536967 6E65642D 43657274 
  69666963 6174652D 31303236 36353930 30301E17 0D323130 35313830 31343133 
  345A170D 33313035 31383031 34313334 5A303031 2E302C06 03550403 1325494F 
  532D5365 6C662D53 69676E65 642D4365 72746966 69636174 652D3130 32363635 
  39303030 82012230 0D06092A 864886F7 0D010101 05000382 010F0030 82010A02 
  82010100 9062CED8 0B10C799 7112430C CD9CDE5F FF04E15E 2444E439 28B201A6 
  71C8ADD9 F794B76A D7D563D0 7025E27D EDDED636 167A424E 9A4ADFE3 996A1E43 
  8CEF7E51 B2CA3CDF 0930BF5F DD0C1066 D5A677FF 3C298719 46D707CC 970468BE 
  4C7B3AC1 2804DA35 3F8FBE8D 80BA73A4 DBD903CD 31901D8F 258CB310 2866EEC6 
  D0305891 B053ECCD D495EEC5 7E908B82 3684EB2D 78032E8D 54281051 E4714F71 
  0860692E E9B36A4B 60B3EF55 5FC6E1C1 FA047EB8 1476FEF3 880380AD D97757D0 
  EB2DB060 B7DC5020 AC2307CC 6CC43731 410178EE A8B3A5C0 0082D6D8 9B5DF156 
  45F61351 889C4A18 28E7AA07 152A45E5 D5F561B7 DD240450 A63EBCB7 9B758141 
  5F09BDDB 02030100 01A35330 51300F06 03551D13 0101FF04 05300301 01FF301F 
  0603551D 23041830 16801410 05DCFE0B 670BA8E7 374C260E E30ED48E 184FF030 
  1D060355 1D0E0416 04141005 DCFE0B67 0BA8E737 4C260EE3 0ED48E18 4FF0300D 
  06092A86 4886F70D 01010505 00038201 01002CE0 B155DFEB B0C33267 1C60675F 
  7D26719C E2F3BC27 EE71EFCF 8D41E61C AA80ED5F 8DD6157C 27244694 D77B7091 
  54440EC2 BBDDD592 0F1F587B 43E359FB A3CC1B5B CAF9C3E4 1785BA1B 08701BF1 
  FF7D7388 05C5090F 2A8894C9 F62D94BC 55E73B7F 4374700E E4908504 C65386C6 
  37CF1D6C 432034EE E6D49BF5 65A1BA76 5E8D04A0 BC5751CA 320F004A 374CA61B 
  C0EC9554 2FF20CFF 7195D356 408CB428 88319CA6 5A5C518A 7D47D3FC 195210E4 
  3355E8E6 7295872F EC60B0F1 5919D317 9BB2FE8A 6C7EE31B 2CCEE29A CC325C05 
  AE0FEB11 354FE0C0 E27B1C7A 437FA80C BF27FB9E 78D6D5F2 C0D52C87 13869241 
  D02133A9 5B3F1D80 39E84355 AE703534 E6D3
  	quit
!
license udi pid CSR1000V sn 9W1S8O788C4
diagnostic bootup level minimal
memory free low-watermark processor 80526
!
!
spanning-tree extend system-id
!
username cisco privilege 15 secret 9 $9$cONmK/B00qLzO.$iaGnQNzSbJ3ypgnmS02qYpg3FORertbgOgB2CyOHl9g
!
redundancy
!
!
!
!
!
!
!
! 
!
!
!
!
!
!
!
!
!
!
!
!
!
! 
! 
!
!
interface Loopback0
 description to
 no ip address
 shutdown
!
interface GigabitEthernet1
 description to port7.sandbox-backend
 vrf forwarding Mgmt-intf
 ip address 10.10.20.176 255.255.255.0
 negotiation auto
 no mop enabled
 no mop sysid
!
interface GigabitEthernet2
 description L3 Link to core-rtr01
 ip address 172.16.252.29 255.255.255.252
 negotiation auto
 no mop enabled
 no mop sysid
!
interface GigabitEthernet3
 description L3 Link to core-rtr02
 ip address 172.16.252.33 255.255.255.252
 negotiation auto
 no mop enabled
 no mop sysid
!
interface GigabitEthernet4
 description L3 Link to dist-sw01
 ip address 172.16.252.6 255.255.255.252
 negotiation auto
 no mop enabled
 no mop sysid
!
interface GigabitEthernet5
 description L3 Link to dist-sw02
 ip address 172.16.252.14 255.255.255.252
 negotiation auto
 no mop enabled
 no mop sysid
!
interface GigabitEthernet6
 description L3 Link to dist-rtr01
 ip address 172.16.252.18 255.255.255.252
 negotiation auto
 no mop enabled
 no mop sysid
!
router ospf 1
 no log-adjacency-changes
 network 172.16.252.0 0.0.3.255 area 0
!
ip forward-protocol nd
no ip http server
ip http secure-server
!
ip route vrf Mgmt-intf 0.0.0.0 0.0.0.0 10.10.20.254
ip ssh server algorithm authentication password
!
!
!
!
!
!
!
control-plane
!
!
!
!
!
!
line con 0
 exec-timeout 0 0
 password cisco
 stopbits 1
line vty 0 4
 exec-timeout 720 0
 password cisco
 login local
 transport input telnet ssh
!
call-home
 ! If contact email address in call-home is configured as sch-smart-licensing@cisco.com
 ! the email address configured in Cisco Smart License Portal will be used as contact email address to send SCH notifications.
 contact-email-addr sch-smart-licensing@cisco.com
 profile "CiscoTAC-1"
  active
  destination transport-method http
!
!
!
!
!
end