Vlan101 - Group 10 (HSRP-V1) (IPv4)
  Local state is Active, priority 100 (Cfged 100)
    Forwarding threshold(for vPC), lower: 0 upper: 100 
  Hellotime 3 sec, holdtime 10 sec
  Next hello sent in 2.360000 sec(s)
  Virtual IP address is 172.16.101.1 (Cfged)
  Active router is local
  Standby router is 172.16.101.2 , priority 100 expires in 7.432000 sec(s)
  Authentication text "cisco"
  Virtual mac address is 0000.0c07.ac0a (Default MAC)
  2 state changes, last state change 03:51:57
  IP redundancy name is hsrp-Vlan101-10 (default)

Vlan102 - Group 10 (HSRP-V1) (IPv4)
  Local state is Active, priority 100 (Cfged 100)
    Forwarding threshold(for vPC), lower: 0 upper: 100 
  Hellotime 3 sec, holdtime 10 sec
  Next hello sent in 2.102000 sec(s)
  Virtual IP address is 172.16.102.1 (Cfged)
  Active router is local
  Standby router is 172.16.102.2 , priority 100 expires in 9.900000 sec(s)
  Authentication text "cisco"
  Virtual mac address is 0000.0c07.ac0a (Default MAC)
  2 state changes, last state change 03:51:57
  IP redundancy name is hsrp-Vlan102-10 (default)

Vlan103 - Group 10 (HSRP-V1) (IPv4)
  Local state is Active, priority 100 (Cfged 100)
    Forwarding threshold(for vPC), lower: 0 upper: 100 
  Hellotime 3 sec, holdtime 10 sec
  Next hello sent in 1.324000 sec(s)
  Virtual IP address is 172.16.103.1 (Cfged)
  Active router is local
  Standby router is 172.16.103.2 , priority 100 expires in 9.352000 sec(s)
  Authentication text "cisco"
  Virtual mac address is 0000.0c07.ac0a (Default MAC)
  2 state changes, last state change 03:51:57
  IP redundancy name is hsrp-Vlan103-10 (default)

Vlan104 - Group 10 (HSRP-V1) (IPv4)
  Local state is Active, priority 100 (Cfged 100)
    Forwarding threshold(for vPC), lower: 0 upper: 100 
  Hellotime 3 sec, holdtime 10 sec
  Next hello sent in 2.486000 sec(s)
  Virtual IP address is 172.16.104.1 (Cfged)
  Active router is local
  Standby router is 172.16.104.2 , priority 100 expires in 8.928000 sec(s)
  Authentication text "cisco"
  Virtual mac address is 0000.0c07.ac0a (Default MAC)
  2 state changes, last state change 03:51:57
  IP redundancy name is hsrp-Vlan104-10 (default)

Vlan105 - Group 10 (HSRP-V1) (IPv4)
  Local state is Active, priority 100 (Cfged 100)
    Forwarding threshold(for vPC), lower: 0 upper: 100 
  Hellotime 3 sec, holdtime 10 sec
  Next hello sent in 1.327000 sec(s)
  Virtual IP address is 172.16.105.1 (Cfged)
  Active router is local
  Standby router is 172.16.105.2 , priority 100 expires in 9.984000 sec(s)
  Authentication text "cisco"
  Virtual mac address is 0000.0c07.ac0a (Default MAC)
  2 state changes, last state change 03:51:57
  IP redundancy name is hsrp-Vlan105-10 (default)