VLAN Name                             Status    Ports
---- -------------------------------- --------- -------------------------------
1    default                          active    Po1, Eth1/1, Eth1/2, Eth1/5
                                                Eth1/6, Eth1/7, Eth1/8, Eth1/9
                                                Eth1/10, Eth1/12, Eth1/13
                                                Eth1/14, Eth1/15, Eth1/16
                                                Eth1/17, Eth1/18, Eth1/19
                                                Eth1/20, Eth1/21, Eth1/22
                                                Eth1/23, Eth1/24, Eth1/25
                                                Eth1/26, Eth1/27, Eth1/28
                                                Eth1/29, Eth1/30, Eth1/31
                                                Eth1/32, Eth1/33, Eth1/34
                                                Eth1/35, Eth1/36, Eth1/37
                                                Eth1/38, Eth1/39, Eth1/40
                                                Eth1/41, Eth1/42, Eth1/43
                                                Eth1/44, Eth1/45, Eth1/46
                                                Eth1/47, Eth1/48, Eth1/49
                                                Eth1/50, Eth1/51, Eth1/52
                                                Eth1/53, Eth1/54, Eth1/55
                                                Eth1/56, Eth1/57, Eth1/58
                                                Eth1/59, Eth1/60, Eth1/61
                                                Eth1/62, Eth1/63, Eth1/64
                                                Eth1/65, Eth1/66, Eth1/67
                                                Eth1/68, Eth1/69, Eth1/70
                                                Eth1/71, Eth1/72, Eth1/73
                                                Eth1/74, Eth1/75, Eth1/76
                                                Eth1/77, Eth1/78, Eth1/79
                                                Eth1/80, Eth1/81, Eth1/82
                                                Eth1/83, Eth1/84, Eth1/85
                                                Eth1/86, Eth1/87, Eth1/88
                                                Eth1/89, Eth1/90, Eth1/91
                                                Eth1/92, Eth1/93, Eth1/94
                                                Eth1/95, Eth1/96, Eth1/97
                                                Eth1/98, Eth1/99, Eth1/100
                                                Eth1/101, Eth1/102, Eth1/103
                                                Eth1/104, Eth1/105, Eth1/106
                                                Eth1/107, Eth1/108, Eth1/109
                                                Eth1/110, Eth1/111, Eth1/112
                                                Eth1/113, Eth1/114, Eth1/115
                                                Eth1/116, Eth1/117, Eth1/118
                                                Eth1/119, Eth1/120, Eth1/121
                                                Eth1/122, Eth1/123, Eth1/124
                                                Eth1/125, Eth1/126, Eth1/127
                                                Eth1/128
101  prod                             active    Po1, Eth1/1, Eth1/2, Eth1/11
102  dev                              active    Po1, Eth1/1, Eth1/2
103  test                             active    Po1, Eth1/1, Eth1/2
104  security                         active    Po1, Eth1/1, Eth1/2
105  iot                              active    Po1, Eth1/1, Eth1/2

VLAN Type         Vlan-mode
---- -----        ----------
1    enet         CE     
101  enet         CE     
102  enet         CE     
103  enet         CE     
104  enet         CE     
105  enet         CE     

Remote SPAN VLANs
-------------------------------------------------------------------------------

Primary  Secondary  Type             Ports
-------  ---------  ---------------  -------------------------------------------