Building configuration...

Current configuration : 7100 bytes
!
! Last configuration change at 01:43:56 UTC Tue May 18 2021
!
version 17.3
service timestamps debug datetime msec
service timestamps log datetime msec
service call-home
platform qfp utilization monitor load 80
no platform punt-keepalive disable-kernel-core
platform console serial
!
hostname dist-rtr01
!
boot-start-marker
boot-end-marker
!
!
vrf definition Mgmt-intf
 !
 address-family ipv4
 exit-address-family
 !
 address-family ipv6
 exit-address-family
!
no logging console
enable password cisco
!
no aaa new-model
!
!
!
!
!
!
!
no ip domain lookup
ip domain name virl.info
!
!
!
login on-success log
!
!
!
!
!
!
!
subscriber templating
! 
! 
! 
! 
!
!
multilink bundle-name authenticated
!
!
!
!
!
!
!
!
!
!
!
!
!
!
!
crypto pki trustpoint SLA-TrustPoint
 enrollment pkcs12
 revocation-check crl
!
crypto pki trustpoint TP-self-signed-3037239504
 enrollment selfsigned
 subject-name cn=IOS-Self-Signed-Certificate-3037239504
 revocation-check none
 rsakeypair TP-self-signed-3037239504
!
!
crypto pki certificate chain SLA-TrustPoint
 certificate ca 01
  30820321 30820209 A0030201 02020101 300D0609 2A864886 F70D0101 0B050030 
  32310E30 0C060355 040A1305 43697363 6F312030 1E060355 04031317 43697363 
  6F204C69 63656E73 696E6720 526F6F74 20434130 1E170D31 33303533 30313934 
  3834375A 170D3338 30353330 31393438 34375A30 32310E30 0C060355 040A1305 
  43697363 6F312030 1E060355 04031317 43697363 6F204C69 63656E73 696E6720 
  526F6F74 20434130 82012230 0D06092A 864886F7 0D010101 05000382 010F0030 
  82010A02 82010100 A6BCBD96 131E05F7 145EA72C 2CD686E6 17222EA1 F1EFF64D 
  CBB4C798 212AA147 C655D8D7 9471380D 8711441E 1AAF071A 9CAE6388 8A38E520 
  1C394D78 462EF239 C659F715 B98C0A59 5BBB5CBD 0CFEBEA3 700A8BF7 D8F256EE 
  4AA4E80D DB6FD1C9 60B1FD18 FFC69C96 6FA68957 A2617DE7 104FDC5F EA2956AC 
  7390A3EB 2B5436AD C847A2C5 DAB553EB 69A9A535 58E9F3E3 C0BD23CF 58BD7188 
  68E69491 20F320E7 948E71D7 AE3BCC84 F10684C7 4BC8E00F 539BA42B 42C68BB7 
  C7479096 B4CB2D62 EA2F505D C7B062A4 6811D95B E8250FC4 5D5D5FB8 8F27D191 
  C55F0D76 61F9A4CD 3D992327 A8BB03BD 4E6D7069 7CBADF8B DF5F4368 95135E44 
  DFC7C6CF 04DD7FD1 02030100 01A34230 40300E06 03551D0F 0101FF04 04030201 
  06300F06 03551D13 0101FF04 05300301 01FF301D 0603551D 0E041604 1449DC85 
  4B3D31E5 1B3E6A17 606AF333 3D3B4C73 E8300D06 092A8648 86F70D01 010B0500 
  03820101 00507F24 D3932A66 86025D9F E838AE5C 6D4DF6B0 49631C78 240DA905 
  604EDCDE FF4FED2B 77FC460E CD636FDB DD44681E 3A5673AB 9093D3B1 6C9E3D8B 
  D98987BF E40CBD9E 1AECA0C2 2189BB5C 8FA85686 CD98B646 5575B146 8DFC66A8 
  467A3DF4 4D565700 6ADF0F0D CF835015 3C04FF7C 21E878AC 11BA9CD2 55A9232C 
  7CA7B7E6 C1AF74F6 152E99B7 B1FCF9BB E973DE7F 5BDDEB86 C71E3B49 1765308B 
  5FB0DA06 B92AFE7F 494E8A9E 07B85737 F3A58BE1 1A48A229 C37C1E69 39F08678 
  80DDCD16 D6BACECA EEBC7CF9 8428787B 35202CDC 60E4616A B623CDBD 230E3AFB 
  418616A9 4093E049 4D10AB75 27E86F73 932E35B5 8862FDAE 0275156F 719BB2F0 
  D697DF7F 28
  	quit
crypto pki certificate chain TP-self-signed-3037239504
 certificate self-signed 01
  30820330 30820218 A0030201 02020101 300D0609 2A864886 F70D0101 05050030 
  31312F30 2D060355 04031326 494F532D 53656C66 2D536967 6E65642D 43657274 
  69666963 6174652D 33303337 32333935 3034301E 170D3231 30353138 30313433 
  34375A17 0D333130 35313830 31343334 375A3031 312F302D 06035504 03132649 
  4F532D53 656C662D 5369676E 65642D43 65727469 66696361 74652D33 30333732 
  33393530 34308201 22300D06 092A8648 86F70D01 01010500 0382010F 00308201 
  0A028201 0100B917 425ED1C0 2B056AA3 BDCD4E01 F0E58D78 66CF1D95 A2AC017D 
  63118C86 3E5110BA 794B8B2B 4A34FA5D E04CD69B 42057641 0399FE62 78F726C5 
  81B42A7D E48080EA B7AEFB69 9ED69685 E89C193C 2BFD466E EE034E15 58556013 
  BD63270D 1AD1ACD2 88977BCB 1EF28241 A4721955 EFE46039 29EBD795 28FC0718 
  FB113A24 92E4B4B1 03404969 0176504A 7BDE69C5 A3836FE0 06BBB1D2 A22738EC 
  2902B2F8 A7AAD409 0D0F0564 9072FB26 53B76F72 59A5A26A A51EAB8B 25C3D0DD 
  38E49C10 74F9260F 81200385 3607A4D8 21D97375 BB088FBC 0C2E0350 EFEB080F 
  3D16D3BC 47115974 17C9B015 DF2957B7 847F1E0B 019864AE 819FE32A 37B6A2DC 
  08B60E75 EF090203 010001A3 53305130 0F060355 1D130101 FF040530 030101FF 
  301F0603 551D2304 18301680 14E6B70B 677E63CA A203F936 F294D266 D63CAC00 
  D5301D06 03551D0E 04160414 E6B70B67 7E63CAA2 03F936F2 94D266D6 3CAC00D5 
  300D0609 2A864886 F70D0101 05050003 82010100 92E3BE4A 97B8ECBF 18D1AB0C 
  FCB87442 27544AF9 8A9A1420 A47F207C F6CFD3BA B7722E8F F6B81F6B BA28EAC6 
  19A7C95E 84EAF16B 05F71864 2E09415B E2D001C3 FEA58EFA C75981FF D6C1555F 
  CFBFC270 155DE6F3 FE7F11EB 9C4C154F DFBE5F18 197CF530 3677A9D9 451F6030 
  A051378F 4B7CB246 5EADB2A7 5C85E0CE A0F7F7A8 E8872917 F2057A29 238786DE 
  ED4C2E98 EFA9016A DCC16EC1 B3963262 3CF10A86 A34E4FD4 FFC768D6 DC730A36 
  61436FF2 A0BA78F6 75D8C567 C8A68A37 97466E15 9BDCDC2C 7B1C95D0 02F0E779 
  435658AF CF640BBD CE5E688E 5C586C82 F5A5543B 7A8EE4EC 1AEB2945 8C55C436 
  4C27DB7D 453FF1B6 E88B05CC 83460335 EF0AAE40
  	quit
!
license udi pid CSR1000V sn 9US41LZZ0Z8
diagnostic bootup level minimal
memory free low-watermark processor 80526
!
!
spanning-tree extend system-id
!
username cisco privilege 15 secret 9 $9$iVecEqVTUJzHUk$EO2BfGoo4I8.wW.QanPw2rSxwy9NJt6kc3xFNEFLYSA
!
redundancy
!
!
!
!
!
!
!
! 
!
!
!
!
!
!
!
!
!
!
!
!
!
! 
! 
!
!
interface Loopback0
 description to
 no ip address
 shutdown
!
interface GigabitEthernet1
 description to port6.sandbox-backend
 vrf forwarding Mgmt-intf
 ip address 10.10.20.175 255.255.255.0
 negotiation auto
 no mop enabled
 no mop sysid
!
interface GigabitEthernet2
 description L3 Link to core-rtr01
 ip address 172.16.252.21 255.255.255.252
 negotiation auto
 no mop enabled
 no mop sysid
!
interface GigabitEthernet3
 description L3 Link to core-rtr02
 ip address 172.16.252.25 255.255.255.252
 negotiation auto
 no mop enabled
 no mop sysid
!
interface GigabitEthernet4
 description L3 Link to dist-sw01
 ip address 172.16.252.2 255.255.255.252
 negotiation auto
 no mop enabled
 no mop sysid
!
interface GigabitEthernet5
 description L3 Link to dist-sw02
 ip address 172.16.252.10 255.255.255.252
 negotiation auto
 no mop enabled
 no mop sysid
!
interface GigabitEthernet6
 description L3 Link to dist-rtr02
 ip address 172.16.252.17 255.255.255.252
 negotiation auto
 no mop enabled
 no mop sysid
!
router ospf 1
 no log-adjacency-changes
 network 172.16.252.0 0.0.3.255 area 0
!
ip forward-protocol nd
no ip http server
ip http secure-server
!
ip route vrf Mgmt-intf 0.0.0.0 0.0.0.0 10.10.20.254
ip ssh server algorithm authentication password
!
!
!
!
!
!
!
control-plane
!
!
!
!
!
!
line con 0
 exec-timeout 0 0
 password cisco
 stopbits 1
line vty 0 4
 exec-timeout 720 0
 password cisco
 login local
 transport input telnet ssh
!
call-home
 ! If contact email address in call-home is configured as sch-smart-licensing@cisco.com
 ! the email address configured in Cisco Smart License Portal will be used as contact email address to send SCH notifications.
 contact-email-addr sch-smart-licensing@cisco.com
 profile "CiscoTAC-1"
  active
  destination transport-method http
!
!
!
!
!
restconf
end