Building configuration...

Current configuration : 6730 bytes
!
! Last configuration change at 01:36:19 UTC Tue May 18 2021
!
version 17.3
service timestamps debug datetime msec
service timestamps log datetime msec
service call-home
platform qfp utilization monitor load 80
no platform punt-keepalive disable-kernel-core
platform console serial
!
hostname internet-rtr01
!
boot-start-marker
boot-end-marker
!
!
vrf definition Mgmt-intf
 !
 address-family ipv4
 exit-address-family
 !
 address-family ipv6
 exit-address-family
!
no logging console
enable password cisco
!
no aaa new-model
!
!
!
!
!
!
!
no ip domain lookup
ip domain name virl.info
!
!
!
login on-success log
!
!
!
!
!
!
!
subscriber templating
! 
! 
! 
! 
!
!
multilink bundle-name authenticated
!
!
!
!
!
!
!
!
!
!
!
!
!
!
!
crypto pki trustpoint SLA-TrustPoint
 enrollment pkcs12
 revocation-check crl
!
crypto pki trustpoint TP-self-signed-2634962622
 enrollment selfsigned
 subject-name cn=IOS-Self-Signed-Certificate-2634962622
 revocation-check none
 rsakeypair TP-self-signed-2634962622
!
!
crypto pki certificate chain SLA-TrustPoint
 certificate ca 01
  30820321 30820209 A0030201 02020101 300D0609 2A864886 F70D0101 0B050030 
  32310E30 0C060355 040A1305 43697363 6F312030 1E060355 04031317 43697363 
  6F204C69 63656E73 696E6720 526F6F74 20434130 1E170D31 33303533 30313934 
  3834375A 170D3338 30353330 31393438 34375A30 32310E30 0C060355 040A1305 
  43697363 6F312030 1E060355 04031317 43697363 6F204C69 63656E73 696E6720 
  526F6F74 20434130 82012230 0D06092A 864886F7 0D010101 05000382 010F0030 
  82010A02 82010100 A6BCBD96 131E05F7 145EA72C 2CD686E6 17222EA1 F1EFF64D 
  CBB4C798 212AA147 C655D8D7 9471380D 8711441E 1AAF071A 9CAE6388 8A38E520 
  1C394D78 462EF239 C659F715 B98C0A59 5BBB5CBD 0CFEBEA3 700A8BF7 D8F256EE 
  4AA4E80D DB6FD1C9 60B1FD18 FFC69C96 6FA68957 A2617DE7 104FDC5F EA2956AC 
  7390A3EB 2B5436AD C847A2C5 DAB553EB 69A9A535 58E9F3E3 C0BD23CF 58BD7188 
  68E69491 20F320E7 948E71D7 AE3BCC84 F10684C7 4BC8E00F 539BA42B 42C68BB7 
  C7479096 B4CB2D62 EA2F505D C7B062A4 6811D95B E8250FC4 5D5D5FB8 8F27D191 
  C55F0D76 61F9A4CD 3D992327 A8BB03BD 4E6D7069 7CBADF8B DF5F4368 95135E44 
  DFC7C6CF 04DD7FD1 02030100 01A34230 40300E06 03551D0F 0101FF04 04030201 
  06300F06 03551D13 0101FF04 05300301 01FF301D 0603551D 0E041604 1449DC85 
  4B3D31E5 1B3E6A17 606AF333 3D3B4C73 E8300D06 092A8648 86F70D01 010B0500 
  03820101 00507F24 D3932A66 86025D9F E838AE5C 6D4DF6B0 49631C78 240DA905 
  604EDCDE FF4FED2B 77FC460E CD636FDB DD44681E 3A5673AB 9093D3B1 6C9E3D8B 
  D98987BF E40CBD9E 1AECA0C2 2189BB5C 8FA85686 CD98B646 5575B146 8DFC66A8 
  467A3DF4 4D565700 6ADF0F0D CF835015 3C04FF7C 21E878AC 11BA9CD2 55A9232C 
  7CA7B7E6 C1AF74F6 152E99B7 B1FCF9BB E973DE7F 5BDDEB86 C71E3B49 1765308B 
  5FB0DA06 B92AFE7F 494E8A9E 07B85737 F3A58BE1 1A48A229 C37C1E69 39F08678 
  80DDCD16 D6BACECA EEBC7CF9 8428787B 35202CDC 60E4616A B623CDBD 230E3AFB 
  418616A9 4093E049 4D10AB75 27E86F73 932E35B5 8862FDAE 0275156F 719BB2F0 
  D697DF7F 28
  	quit
crypto pki certificate chain TP-self-signed-2634962622
 certificate self-signed 01
  30820330 30820218 A0030201 02020101 300D0609 2A864886 F70D0101 05050030 
  31312F30 2D060355 04031326 494F532D 53656C66 2D536967 6E65642D 43657274 
  69666963 6174652D 32363334 39363236 3232301E 170D3231 30353138 30313336 
  33365A17 0D333130 35313830 31333633 365A3031 312F302D 06035504 03132649 
  4F532D53 656C662D 5369676E 65642D43 65727469 66696361 74652D32 36333439 
  36323632 32308201 22300D06 092A8648 86F70D01 01010500 0382010F 00308201 
  0A028201 0100A93F B241F512 BE6AF195 75BD451A 2ABB8442 5E0733E9 42CD68EA 
  8F05DCEA C9604A37 1A8E0A09 80AB9D0C 00B04B5A 803928C2 87F432A2 852F26C8 
  D67B6DF2 EA31443E 21BE2A5A 85CF7C0D DF0C6244 1C9DDD7C EEF25260 830E0872 
  C81B39B7 ADDD9095 3DF0FCDE 300151F4 EF7EAD73 9AA8C1C2 B10C67BC 9D1F3C02 
  6B9C294B 66DB6E0C 88B0734D 6139591E F8D6DB5E C0E01247 5BE64203 6DBAF501 
  B71D70B9 F302F219 738DE756 BA15C370 10000494 69DEAB4F E930F30A A134984C 
  7FC92387 D63F7846 8CDC0FEE 03D52CEE C5EC5DBD 226963DD 94FD04F4 5BE5CE69 
  38D744C7 8E0C6983 00FCEA72 CF720BFF 27B1E7BF C3974CBA BA76A63E 01A605A0 
  2751B6D2 40C10203 010001A3 53305130 0F060355 1D130101 FF040530 030101FF 
  301F0603 551D2304 18301680 14F6576B 91C77227 323454F8 54FA0D39 0C49C006 
  90301D06 03551D0E 04160414 F6576B91 C7722732 3454F854 FA0D390C 49C00690 
  300D0609 2A864886 F70D0101 05050003 82010100 87AFAE0A 0064E33F 1BD0438D 
  499DCFF7 6C2458DE ECA21615 94DEB762 05097B57 21C0F70A 1F704AFD 7BB408D2 
  B5F9AACB 0B945134 B266A072 4244F149 7251C9D6 9F821AC1 49516FF9 80091550 
  3AD963CB 27504C8E C6D11C98 BC8D65A0 FB33E947 02774633 B03E0B15 CF62C22D 
  0C49C134 F7EB95A7 9104B1AE B7242287 9CB7A6F9 A9A2E5CF 55CA1C18 BEC3335E 
  86DCA8B9 01E76543 4F83B0CE 9BE2D60E AC15E0D3 5B2F3367 C995D7E7 3263D8E6 
  1F45A558 A64844EA 1292E68C 20E18688 28A4C70A 79E6937E 5454C4EA 588554F9 
  4708603D B4D55A05 41D009D0 160B1924 144CBCB2 F79AA071 780720E0 FCC36D53 
  6C0F1D5D 7DA90F72 8EE83D49 DDC1DE9E 7EB440CA
  	quit
!
license udi pid CSR1000V sn 9KVSLX6LKLO
diagnostic bootup level minimal
memory free low-watermark processor 80526
!
!
spanning-tree extend system-id
!
username cisco privilege 15 secret 9 $9$X8t5V6eWdPoRd.$wOxXAiJ8i7jeYcH70M82cMnxDgwX.31ymh9Y18oj3eg
!
redundancy
!
!
!
!
!
!
!
! 
!
!
!
!
!
!
!
!
!
!
!
!
!
! 
! 
!
!
interface Loopback0
 description to
 no ip address
 shutdown
!
interface GigabitEthernet1
 description to port1.sandbox-backend
 vrf forwarding Mgmt-intf
 ip address 10.10.20.181 255.255.255.0
 negotiation auto
 no mop enabled
 no mop sysid
!
interface GigabitEthernet2
 description to GigabitEthernet0/0.edge-firewall01
 ip address 172.31.252.1 255.255.255.0
 negotiation auto
 no mop enabled
 no mop sysid
!
interface GigabitEthernet3
 description to enp0s2.internet-host01
 ip address 172.31.0.1 255.255.255.0
 negotiation auto
 no mop enabled
 no mop sysid
!
interface GigabitEthernet4
 description to
 no ip address
 shutdown
 negotiation auto
 no mop enabled
 no mop sysid
!
ip forward-protocol nd
no ip http server
ip http secure-server
!
ip route 172.16.0.0 255.255.0.0 172.31.252.2
ip route vrf Mgmt-intf 0.0.0.0 0.0.0.0 10.10.20.254
ip ssh server algorithm authentication password
!
!
!
!
!
!
!
control-plane
!
!
!
!
!
!
line con 0
 exec-timeout 0 0
 password cisco
 stopbits 1
line vty 0 4
 exec-timeout 720 0
 password cisco
 login local
 transport input telnet ssh
!
call-home
 ! If contact email address in call-home is configured as sch-smart-licensing@cisco.com
 ! the email address configured in Cisco Smart License Portal will be used as contact email address to send SCH notifications.
 contact-email-addr sch-smart-licensing@cisco.com
 profile "CiscoTAC-1"
  active
  destination transport-method http
!
!
!
!
!
end