Building configuration...
!! IOS XR Configuration 6.3.1
!! Last configuration change at Tue May 25 09:20:57 2021 by cisco
!
hostname core-rtr01
logging console disable
service timestamps log datetime msec
service timestamps debug datetime msec
telnet vrf default ipv4 server max-servers 10
telnet vrf Mgmt-intf ipv4 server max-servers 10
domain name virl.info
domain lookup disable
vrf Mgmt-intf
 address-family ipv4 unicast
 !
 address-family ipv6 unicast
 !
!
line template vty
 timestamp
 exec-timeout 720 0
!
line console
 exec-timeout 0 0
 absolute-timeout 0
 session-timeout 0
!
line default
 exec-timeout 0 0
 absolute-timeout 0
 session-timeout 0
!
vty-pool default 0 50
control-plane
 management-plane
  inband
   interface all
    allow all
   !
  !
 !
!
ipv4 access-list PERMIT-SSH
 10 permit ipv4 10.10.20.0 0.0.0.255 any
!
interface Loopback0
 description to
 shutdown
!
interface MgmtEth0/0/CPU0/0
 description to port4.sandbox-backend
 vrf Mgmt-intf
 ipv4 address 10.10.20.173 255.255.255.0
!
interface GigabitEthernet0/0/0/0
 description L3 Link to core-rtr02
 ipv4 address 172.16.252.37 255.255.255.252
!
interface GigabitEthernet0/0/0/1
 description L3 Link to edge-sw01
 ipv4 address 172.16.253.2 255.255.255.248
!
interface GigabitEthernet0/0/0/2
 description L3 Link to dist-rtr01
 ipv4 address 172.16.252.22 255.255.255.252
!
interface GigabitEthernet0/0/0/3
 description L3 Link to dist-rtr02
 ipv4 address 172.16.252.30 255.255.255.252
!
router static
 address-family ipv4 unicast
  0.0.0.0/0 172.16.253.4
 !
 vrf Mgmt-intf
  address-family ipv4 unicast
   0.0.0.0/0 10.10.20.254
  !
 !
!
router ospf 1
 area 0
  interface GigabitEthernet0/0/0/0
  !
  interface GigabitEthernet0/0/0/1
  !
  interface GigabitEthernet0/0/0/2
  !
  interface GigabitEthernet0/0/0/3
  !
 !
!
ssh server v2
ssh server vrf Mgmt-intf ipv4 access-list PERMIT-SSH
end