Building configuration...

Current configuration : 7127 bytes
!
! Last configuration change at 07:59:32 UTC Tue May 25 2021
!
version 16.11
service timestamps debug datetime msec
service timestamps log datetime msec
service call-home
platform qfp utilization monitor load 80
no platform punt-keepalive disable-kernel-core
platform console serial
!
hostname dist-rtr01
!
boot-start-marker
boot-end-marker
!
!
vrf definition Mgmt-intf
 !
 address-family ipv4
 exit-address-family
 !
 address-family ipv6
 exit-address-family
!
no logging console
enable password cisco
!
no aaa new-model
call-home
 ! If contact email address in call-home is configured as sch-smart-licensing@cisco.com
 ! the email address configured in Cisco Smart License Portal will be used as contact email address to send SCH notifications.
 contact-email-addr sch-smart-licensing@cisco.com
 profile "CiscoTAC-1"
  active
  destination transport-method http
  no destination transport-method email
!
!
!
!
!
!
!
no ip domain lookup
ip domain name virl.info
!
!
!
login on-success log
!
!
!
!
!
!
!
subscriber templating
! 
! 
! 
! 
!
!
multilink bundle-name authenticated
!
!
!
!
!
!
!
!
!
!
!
!
!
crypto pki trustpoint SLA-TrustPoint
 enrollment pkcs12
 revocation-check crl
!
crypto pki trustpoint TP-self-signed-907296531
 enrollment selfsigned
 subject-name cn=IOS-Self-Signed-Certificate-907296531
 revocation-check none
 rsakeypair TP-self-signed-907296531
!
!
crypto pki certificate chain SLA-TrustPoint
 certificate ca 01
  30820321 30820209 A0030201 02020101 300D0609 2A864886 F70D0101 0B050030 
  32310E30 0C060355 040A1305 43697363 6F312030 1E060355 04031317 43697363 
  6F204C69 63656E73 696E6720 526F6F74 20434130 1E170D31 33303533 30313934 
  3834375A 170D3338 30353330 31393438 34375A30 32310E30 0C060355 040A1305 
  43697363 6F312030 1E060355 04031317 43697363 6F204C69 63656E73 696E6720 
  526F6F74 20434130 82012230 0D06092A 864886F7 0D010101 05000382 010F0030 
  82010A02 82010100 A6BCBD96 131E05F7 145EA72C 2CD686E6 17222EA1 F1EFF64D 
  CBB4C798 212AA147 C655D8D7 9471380D 8711441E 1AAF071A 9CAE6388 8A38E520 
  1C394D78 462EF239 C659F715 B98C0A59 5BBB5CBD 0CFEBEA3 700A8BF7 D8F256EE 
  4AA4E80D DB6FD1C9 60B1FD18 FFC69C96 6FA68957 A2617DE7 104FDC5F EA2956AC 
  7390A3EB 2B5436AD C847A2C5 DAB553EB 69A9A535 58E9F3E3 C0BD23CF 58BD7188 
  68E69491 20F320E7 948E71D7 AE3BCC84 F10684C7 4BC8E00F 539BA42B 42C68BB7 
  C7479096 B4CB2D62 EA2F505D C7B062A4 6811D95B E8250FC4 5D5D5FB8 8F27D191 
  C55F0D76 61F9A4CD 3D992327 A8BB03BD 4E6D7069 7CBADF8B DF5F4368 95135E44 
  DFC7C6CF 04DD7FD1 02030100 01A34230 40300E06 03551D0F 0101FF04 04030201 
  06300F06 03551D13 0101FF04 05300301 01FF301D 0603551D 0E041604 1449DC85 
  4B3D31E5 1B3E6A17 606AF333 3D3B4C73 E8300D06 092A8648 86F70D01 010B0500 
  03820101 00507F24 D3932A66 86025D9F E838AE5C 6D4DF6B0 49631C78 240DA905 
  604EDCDE FF4FED2B 77FC460E CD636FDB DD44681E 3A5673AB 9093D3B1 6C9E3D8B 
  D98987BF E40CBD9E 1AECA0C2 2189BB5C 8FA85686 CD98B646 5575B146 8DFC66A8 
  467A3DF4 4D565700 6ADF0F0D CF835015 3C04FF7C 21E878AC 11BA9CD2 55A9232C 
  7CA7B7E6 C1AF74F6 152E99B7 B1FCF9BB E973DE7F 5BDDEB86 C71E3B49 1765308B 
  5FB0DA06 B92AFE7F 494E8A9E 07B85737 F3A58BE1 1A48A229 C37C1E69 39F08678 
  80DDCD16 D6BACECA EEBC7CF9 8428787B 35202CDC 60E4616A B623CDBD 230E3AFB 
  418616A9 4093E049 4D10AB75 27E86F73 932E35B5 8862FDAE 0275156F 719BB2F0 
  D697DF7F 28
  	quit
crypto pki certificate chain TP-self-signed-907296531
 certificate self-signed 01
  3082032E 30820216 A0030201 02020101 300D0609 2A864886 F70D0101 05050030 
  30312E30 2C060355 04031325 494F532D 53656C66 2D536967 6E65642D 43657274 
  69666963 6174652D 39303732 39363533 31301E17 0D323130 35323530 37353434 
  395A170D 33303031 30313030 30303030 5A303031 2E302C06 03550403 1325494F 
  532D5365 6C662D53 69676E65 642D4365 72746966 69636174 652D3930 37323936 
  35333130 82012230 0D06092A 864886F7 0D010101 05000382 010F0030 82010A02 
  82010100 F09924E9 58117EDE FCBC149D A27362AA 8269BE18 B7C63FC3 D1160CB6 
  6FD851A5 02F4DD47 067910A7 05943B31 8EE23467 2D06BDDC D881AFAA 95085F76 
  CDFEE9B3 607210CB 3378C5A1 E44DE2A4 15F5FE10 5B8C85DA 5015E905 DAE54417 
  26581E36 4610CCD8 3A64F884 C0146EBE C64A2FA2 CE72531E AD483DA5 4105302E 
  2F174554 05131D36 82EB84EC 7352DD93 586DC644 BA463821 E3EFA56E 7217DF5C 
  2F5AFD27 B60167D3 E32B9B7C AF9810C0 B91D3421 079988FE 6C2F6904 4D094FF9 
  1998027A AFD74F32 FB16B18A 71DB8144 158D6924 974DC755 7C653086 F46A9F5C 
  300CABFF F028A646 49DB454B 6C6181F4 F94F26BE BE840390 16387492 34EB377A 
  D7F67F9B 02030100 01A35330 51300F06 03551D13 0101FF04 05300301 01FF301F 
  0603551D 23041830 16801442 1EB986A1 84EC50F3 F17C99CB 030CFB62 9E839630 
  1D060355 1D0E0416 0414421E B986A184 EC50F3F1 7C99CB03 0CFB629E 8396300D 
  06092A86 4886F70D 01010505 00038201 0100AD23 6F23D4BF B6D6DBE5 78B73E1E 
  96FE7851 205D44A4 8EC29854 AD579F90 6BAEBEA3 5305C69F B7B59F9C A70D592D 
  01F929F3 A2BC54BA 1252292F 1D18336F 3737D3B7 DBD79AB4 6BA908BE BF26F33B 
  150C178E 820730AC A7A9629D 3CA7C283 AB4B6508 75ED0903 E37B2A32 4EA19DF8 
  87FF2982 A6ED0666 A36C80A5 BE3287A6 3EADEF23 5C7DB2BB 86F55596 C01A191C 
  BE1E46A6 BA25318E D924229B 423AC2BC FB0A95B1 F8B22A1F 49C29C74 877B1D65 
  85D9F714 11105F2B 8E72EABC 96D29ACD DEF45325 8DDABEE5 8E34070A FD909179 
  E604CA7B 2017FE2C D3830E68 63A78AD4 93C284C1 6B0473FE 82FADDAE 5A860EEB 
  943B678D FC6DF737 80E0DCFD 7301839A E934
  	quit
!
license udi pid CSR1000V sn 9POVJJJOCRU
diagnostic bootup level minimal
!
spanning-tree extend system-id
memory free low-watermark processor 80526
!
!
restconf
!
username cisco privilege 15 secret 9 $9$iVecEqVTUJzHUk$EO2BfGoo4I8.wW.QanPw2rSxwy9NJt6kc3xFNEFLYSA
!
redundancy
!
!
!
!
!
!
! 
!
!
!
!
!
!
!
!
!
!
!
!
! 
! 
!
!
interface Loopback0
 description to
 no ip address
 shutdown
!
interface GigabitEthernet1
 description to port6.sandbox-backend
 vrf forwarding Mgmt-intf
 ip address 10.10.20.175 255.255.255.0
 negotiation auto
 no mop enabled
 no mop sysid
!
interface GigabitEthernet2
 description L3 Link to core-rtr01
 ip address 172.16.252.21 255.255.255.252
 negotiation auto
 no mop enabled
 no mop sysid
!
interface GigabitEthernet3
 description L3 Link to core-rtr02
 ip address 172.16.252.25 255.255.255.252
 negotiation auto
 no mop enabled
 no mop sysid
!
interface GigabitEthernet4
 description L3 Link to dist-sw01
 ip address 172.16.252.2 255.255.255.252
 negotiation auto
 no mop enabled
 no mop sysid
!
interface GigabitEthernet5
 description L3 Link to dist-sw02
 ip address 172.16.252.10 255.255.255.252
 negotiation auto
 no mop enabled
 no mop sysid
!
interface GigabitEthernet6
 description L3 Link to dist-rtr02
 ip address 172.16.252.17 255.255.255.252
 negotiation auto
 no mop enabled
 no mop sysid
!
router ospf 1
 no log-adjacency-changes
 network 172.16.252.0 0.0.3.255 area 0
!
ip forward-protocol nd
no ip http server
ip http secure-server
ip route vrf Mgmt-intf 0.0.0.0 0.0.0.0 10.10.20.254
!
ip ssh server algorithm authentication password
!
!
!
!
!
!
!
control-plane
!
!
!
!
!
!
line con 0
 exec-timeout 0 0
 password cisco
 stopbits 1
line vty 0 4
 exec-timeout 720 0
 password cisco
 login local
 transport input telnet ssh
!
!
!
!
!
!
end