Building configuration...

Current configuration : 7118 bytes
!
! Last configuration change at 07:54:38 UTC Tue May 25 2021
!
version 16.11
service timestamps debug datetime msec
service timestamps log datetime msec
service call-home
platform qfp utilization monitor load 80
no platform punt-keepalive disable-kernel-core
platform console serial
!
hostname dist-rtr02
!
boot-start-marker
boot-end-marker
!
!
vrf definition Mgmt-intf
 !
 address-family ipv4
 exit-address-family
 !
 address-family ipv6
 exit-address-family
!
no logging console
enable password cisco
!
no aaa new-model
call-home
 ! If contact email address in call-home is configured as sch-smart-licensing@cisco.com
 ! the email address configured in Cisco Smart License Portal will be used as contact email address to send SCH notifications.
 contact-email-addr sch-smart-licensing@cisco.com
 profile "CiscoTAC-1"
  active
  destination transport-method http
  no destination transport-method email
!
!
!
!
!
!
!
no ip domain lookup
ip domain name virl.info
!
!
!
login on-success log
!
!
!
!
!
!
!
subscriber templating
! 
! 
! 
! 
!
!
multilink bundle-name authenticated
!
!
!
!
!
!
!
!
!
!
!
!
!
crypto pki trustpoint SLA-TrustPoint
 enrollment pkcs12
 revocation-check crl
!
crypto pki trustpoint TP-self-signed-197971709
 enrollment selfsigned
 subject-name cn=IOS-Self-Signed-Certificate-197971709
 revocation-check none
 rsakeypair TP-self-signed-197971709
!
!
crypto pki certificate chain SLA-TrustPoint
 certificate ca 01
  30820321 30820209 A0030201 02020101 300D0609 2A864886 F70D0101 0B050030 
  32310E30 0C060355 040A1305 43697363 6F312030 1E060355 04031317 43697363 
  6F204C69 63656E73 696E6720 526F6F74 20434130 1E170D31 33303533 30313934 
  3834375A 170D3338 30353330 31393438 34375A30 32310E30 0C060355 040A1305 
  43697363 6F312030 1E060355 04031317 43697363 6F204C69 63656E73 696E6720 
  526F6F74 20434130 82012230 0D06092A 864886F7 0D010101 05000382 010F0030 
  82010A02 82010100 A6BCBD96 131E05F7 145EA72C 2CD686E6 17222EA1 F1EFF64D 
  CBB4C798 212AA147 C655D8D7 9471380D 8711441E 1AAF071A 9CAE6388 8A38E520 
  1C394D78 462EF239 C659F715 B98C0A59 5BBB5CBD 0CFEBEA3 700A8BF7 D8F256EE 
  4AA4E80D DB6FD1C9 60B1FD18 FFC69C96 6FA68957 A2617DE7 104FDC5F EA2956AC 
  7390A3EB 2B5436AD C847A2C5 DAB553EB 69A9A535 58E9F3E3 C0BD23CF 58BD7188 
  68E69491 20F320E7 948E71D7 AE3BCC84 F10684C7 4BC8E00F 539BA42B 42C68BB7 
  C7479096 B4CB2D62 EA2F505D C7B062A4 6811D95B E8250FC4 5D5D5FB8 8F27D191 
  C55F0D76 61F9A4CD 3D992327 A8BB03BD 4E6D7069 7CBADF8B DF5F4368 95135E44 
  DFC7C6CF 04DD7FD1 02030100 01A34230 40300E06 03551D0F 0101FF04 04030201 
  06300F06 03551D13 0101FF04 05300301 01FF301D 0603551D 0E041604 1449DC85 
  4B3D31E5 1B3E6A17 606AF333 3D3B4C73 E8300D06 092A8648 86F70D01 010B0500 
  03820101 00507F24 D3932A66 86025D9F E838AE5C 6D4DF6B0 49631C78 240DA905 
  604EDCDE FF4FED2B 77FC460E CD636FDB DD44681E 3A5673AB 9093D3B1 6C9E3D8B 
  D98987BF E40CBD9E 1AECA0C2 2189BB5C 8FA85686 CD98B646 5575B146 8DFC66A8 
  467A3DF4 4D565700 6ADF0F0D CF835015 3C04FF7C 21E878AC 11BA9CD2 55A9232C 
  7CA7B7E6 C1AF74F6 152E99B7 B1FCF9BB E973DE7F 5BDDEB86 C71E3B49 1765308B 
  5FB0DA06 B92AFE7F 494E8A9E 07B85737 F3A58BE1 1A48A229 C37C1E69 39F08678 
  80DDCD16 D6BACECA EEBC7CF9 8428787B 35202CDC 60E4616A B623CDBD 230E3AFB 
  418616A9 4093E049 4D10AB75 27E86F73 932E35B5 8862FDAE 0275156F 719BB2F0 
  D697DF7F 28
  	quit
crypto pki certificate chain TP-self-signed-197971709
 certificate self-signed 01
  3082032E 30820216 A0030201 02020101 300D0609 2A864886 F70D0101 05050030 
  30312E30 2C060355 04031325 494F532D 53656C66 2D536967 6E65642D 43657274 
  69666963 6174652D 31393739 37313730 39301E17 0D323130 35323530 37353435 
  305A170D 33303031 30313030 30303030 5A303031 2E302C06 03550403 1325494F 
  532D5365 6C662D53 69676E65 642D4365 72746966 69636174 652D3139 37393731 
  37303930 82012230 0D06092A 864886F7 0D010101 05000382 010F0030 82010A02 
  82010100 96E373E0 C45F6B73 F0797A78 93B5D997 090951E5 699297CF D90F2F83 
  CADF89E5 F103FDDA B48987C5 19A1B8B2 798DFF75 DC0AA2A8 4FF15430 CA37794D 
  80D0C1CE 5A9F0A9A E5AA1B06 7E13A3E6 C373406D 7BF99FBB A32721EA 908DC742 
  58092D9D C616DE6E 917D555E CA00287F 1A893C67 2CD4C58C 66EE79E8 2FECF3E5 
  D03A9F8C CCA14AE1 9C6E23E7 431344BE 83A685EB 73BC28D8 2F406B6A A99F6FD6 
  618425BB 5304DA51 FF29BF51 20498BEF 72C691A3 6AB3F2B1 67744223 743A3259 
  B410A93B EDBC2A2C EEA0DC12 A532F276 CE04885E D35BFC70 8B08273F 3861380E 
  C55C51CE 38E6ED15 CAFF1886 9FE63058 36F43318 C390787F 65D4A53C 471687FB 
  8ED38BB5 02030100 01A35330 51300F06 03551D13 0101FF04 05300301 01FF301F 
  0603551D 23041830 168014C0 E106B7AC 5998539E 9796B92D DB2E3083 B0A21B30 
  1D060355 1D0E0416 0414C0E1 06B7AC59 98539E97 96B92DDB 2E3083B0 A21B300D 
  06092A86 4886F70D 01010505 00038201 01006B6F 689D5501 D9D46FAF ABDB6886 
  C3E1889A 0D3AAC75 16F18321 349CF24A 635F0214 ADC49D8E 934CBFFA 17BDC2F2 
  515AF06D AE56A882 0008093D 1827D23A 108EA6EC E3D4521A 947F578E 1EEAB8C0 
  5B3E2138 27070BC5 FF10D23B 289B776E A018231B C134F34C 0EDD6649 8E144B28 
  D17380C1 5D037086 21AD028A CB6A8A91 F173C67D F2317377 EABCE790 0F09A9C0 
  8888D43A 1D732B9A AB762F8C 6D1217BA 590AA0E4 9FEF4754 3D4C9971 1EF3A22F 
  79079BAF 39E955BC AF5EA536 9C96AD9C 61CAA8E2 85613489 4A110D22 323CB47E 
  828D7C25 98695EF7 0F8EA20E F63B898D FD77F231 01BCE9E1 BBE48CD1 857DF22B 
  571D6BA6 47C747D5 34B512B7 E6F4A763 63C7
  	quit
!
license udi pid CSR1000V sn 9KBYAID4SYO
diagnostic bootup level minimal
!
spanning-tree extend system-id
memory free low-watermark processor 80526
!
!
!
username cisco privilege 15 secret 9 $9$cONmK/B00qLzO.$iaGnQNzSbJ3ypgnmS02qYpg3FORertbgOgB2CyOHl9g
!
redundancy
!
!
!
!
!
!
! 
!
!
!
!
!
!
!
!
!
!
!
!
! 
! 
!
!
interface Loopback0
 description to
 no ip address
 shutdown
!
interface GigabitEthernet1
 description to port7.sandbox-backend
 vrf forwarding Mgmt-intf
 ip address 10.10.20.176 255.255.255.0
 negotiation auto
 no mop enabled
 no mop sysid
!
interface GigabitEthernet2
 description L3 Link to core-rtr01
 ip address 172.16.252.29 255.255.255.252
 negotiation auto
 no mop enabled
 no mop sysid
!
interface GigabitEthernet3
 description L3 Link to core-rtr02
 ip address 172.16.252.33 255.255.255.252
 negotiation auto
 no mop enabled
 no mop sysid
!
interface GigabitEthernet4
 description L3 Link to dist-sw01
 ip address 172.16.252.6 255.255.255.252
 negotiation auto
 no mop enabled
 no mop sysid
!
interface GigabitEthernet5
 description L3 Link to dist-sw02
 ip address 172.16.252.14 255.255.255.252
 negotiation auto
 no mop enabled
 no mop sysid
!
interface GigabitEthernet6
 description L3 Link to dist-rtr01
 ip address 172.16.252.18 255.255.255.252
 negotiation auto
 no mop enabled
 no mop sysid
!
router ospf 1
 no log-adjacency-changes
 network 172.16.252.0 0.0.3.255 area 0
!
ip forward-protocol nd
no ip http server
ip http secure-server
ip route vrf Mgmt-intf 0.0.0.0 0.0.0.0 10.10.20.254
!
ip ssh server algorithm authentication password
!
!
!
!
!
!
!
control-plane
!
!
!
!
!
!
line con 0
 exec-timeout 0 0
 password cisco
 stopbits 1
line vty 0 4
 exec-timeout 720 0
 password cisco
 login local
 transport input telnet ssh
!
!
!
!
!
!
end