Load for five secs: 0%/0%; one minute: 0%; five minutes: 1%
Time source is hardware calendar, *09:29:47.071 UTC Tue May 25 2021

Building configuration...

Current configuration : 3953 bytes
!
! Last configuration change at 08:29:51 UTC Tue May 25 2021 by cisco
!
version 15.2
service timestamps debug datetime msec
service timestamps log datetime msec
no service password-encryption
service compress-config
!
hostname edge-sw01
!
boot-start-marker
boot-end-marker
!
!
vrf definition Mgmt-intf
 !
 address-family ipv4
 exit-address-family
 !
 address-family ipv6
 exit-address-family
!
no logging console
enable password cisco
!
username cisco privilege 15 password 0 cisco
no aaa new-model
!
!
!
!
!
vtp domain virl.lab
vtp mode transparent
!
!
!
no ip domain-lookup
ip domain-name cisco.com
ip cef
no ipv6 cef
!
!
!
spanning-tree mode pvst
spanning-tree extend system-id
!
!
vlan 2
 name ank_vlan2
!
vlan 999
 name edge-transit
no cdp run
!
! 
!
!
!
!
!
!
!
!
!
!
!
!
interface Loopback0
 description to
 no ip address
 shutdown
!
interface GigabitEthernet0/0
 description to port3.sandbox-backend
 no switchport
 vrf forwarding Mgmt-intf
 ip address 10.10.20.172 255.255.255.0
 duplex full
 no negotiation auto
!
interface GigabitEthernet0/1
 description to GigabitEthernet0/1.edge-firewall01
 switchport access vlan 999
 switchport mode access
 duplex full
 no negotiation auto
 spanning-tree portfast edge
!
interface GigabitEthernet0/2
 description to GigabitEthernet0/0/0/1.core-rtr01
 switchport access vlan 999
 switchport mode access
 duplex full
 no negotiation auto
 spanning-tree portfast edge
!
interface GigabitEthernet0/3
 description to GigabitEthernet0/0/0/1.core-rtr02
 switchport access vlan 999
 switchport mode access
 duplex full
 no negotiation auto
 spanning-tree portfast edge
!
ip forward-protocol nd
!
no ip http server
no ip http secure-server
!
ip route vrf Mgmt-intf 0.0.0.0 0.0.0.0 10.10.20.254
ip ssh version 2
ip ssh server algorithm encryption aes128-ctr aes192-ctr aes256-ctr
ip ssh client algorithm encryption aes128-ctr aes192-ctr aes256-ctr
!
!
!
!
!
!
control-plane
!
banner exec ^CCC
**************************************************************************
* IOSv is strictly limited to use for evaluation, demonstration and IOS  *
* education. IOSv is provided as-is and is not supported by Cisco's      *
* Technical Advisory Center. Any use or disclosure, in whole or in part, *
* of the IOSv Software or Documentation to any third party for any       *
* purposes is expressly prohibited except as otherwise authorized by     *
* Cisco in writing.                                                      *
**************************************************************************^C
banner incoming ^CCC
**************************************************************************
* IOSv is strictly limited to use for evaluation, demonstration and IOS  *
* education. IOSv is provided as-is and is not supported by Cisco's      *
* Technical Advisory Center. Any use or disclosure, in whole or in part, *
* of the IOSv Software or Documentation to any third party for any       *
* purposes is expressly prohibited except as otherwise authorized by     *
* Cisco in writing.                                                      *
**************************************************************************^C
banner login ^CCC
**************************************************************************
* IOSv is strictly limited to use for evaluation, demonstration and IOS  *
* education. IOSv is provided as-is and is not supported by Cisco's      *
* Technical Advisory Center. Any use or disclosure, in whole or in part, *
* of the IOSv Software or Documentation to any third party for any       *
* purposes is expressly prohibited except as otherwise authorized by     *
* Cisco in writing.                                                      *
**************************************************************************^C
!
line con 0
 exec-timeout 0 0
 password cisco
line aux 0
line vty 0 4
 exec-timeout 720 0
 password cisco
 login local
 exec prompt timestamp
 transport input telnet ssh
!
!
end