Building configuration...

Current configuration : 6765 bytes
!
! Last configuration change at 07:54:16 UTC Tue May 25 2021
!
version 16.11
service timestamps debug datetime msec
service timestamps log datetime msec
service call-home
platform qfp utilization monitor load 80
no platform punt-keepalive disable-kernel-core
platform console serial
!
hostname internet-rtr01
!
boot-start-marker
boot-end-marker
!
!
vrf definition Mgmt-intf
 !
 address-family ipv4
 exit-address-family
 !
 address-family ipv6
 exit-address-family
!
no logging console
enable password cisco
!
no aaa new-model
call-home
 ! If contact email address in call-home is configured as sch-smart-licensing@cisco.com
 ! the email address configured in Cisco Smart License Portal will be used as contact email address to send SCH notifications.
 contact-email-addr sch-smart-licensing@cisco.com
 profile "CiscoTAC-1"
  active
  destination transport-method http
  no destination transport-method email
!
!
!
!
!
!
!
no ip domain lookup
ip domain name virl.info
!
!
!
login on-success log
!
!
!
!
!
!
!
subscriber templating
! 
! 
! 
! 
!
!
multilink bundle-name authenticated
!
!
!
!
!
!
!
!
!
!
!
!
!
crypto pki trustpoint SLA-TrustPoint
 enrollment pkcs12
 revocation-check crl
!
crypto pki trustpoint TP-self-signed-1903605170
 enrollment selfsigned
 subject-name cn=IOS-Self-Signed-Certificate-1903605170
 revocation-check none
 rsakeypair TP-self-signed-1903605170
!
!
crypto pki certificate chain SLA-TrustPoint
 certificate ca 01
  30820321 30820209 A0030201 02020101 300D0609 2A864886 F70D0101 0B050030 
  32310E30 0C060355 040A1305 43697363 6F312030 1E060355 04031317 43697363 
  6F204C69 63656E73 696E6720 526F6F74 20434130 1E170D31 33303533 30313934 
  3834375A 170D3338 30353330 31393438 34375A30 32310E30 0C060355 040A1305 
  43697363 6F312030 1E060355 04031317 43697363 6F204C69 63656E73 696E6720 
  526F6F74 20434130 82012230 0D06092A 864886F7 0D010101 05000382 010F0030 
  82010A02 82010100 A6BCBD96 131E05F7 145EA72C 2CD686E6 17222EA1 F1EFF64D 
  CBB4C798 212AA147 C655D8D7 9471380D 8711441E 1AAF071A 9CAE6388 8A38E520 
  1C394D78 462EF239 C659F715 B98C0A59 5BBB5CBD 0CFEBEA3 700A8BF7 D8F256EE 
  4AA4E80D DB6FD1C9 60B1FD18 FFC69C96 6FA68957 A2617DE7 104FDC5F EA2956AC 
  7390A3EB 2B5436AD C847A2C5 DAB553EB 69A9A535 58E9F3E3 C0BD23CF 58BD7188 
  68E69491 20F320E7 948E71D7 AE3BCC84 F10684C7 4BC8E00F 539BA42B 42C68BB7 
  C7479096 B4CB2D62 EA2F505D C7B062A4 6811D95B E8250FC4 5D5D5FB8 8F27D191 
  C55F0D76 61F9A4CD 3D992327 A8BB03BD 4E6D7069 7CBADF8B DF5F4368 95135E44 
  DFC7C6CF 04DD7FD1 02030100 01A34230 40300E06 03551D0F 0101FF04 04030201 
  06300F06 03551D13 0101FF04 05300301 01FF301D 0603551D 0E041604 1449DC85 
  4B3D31E5 1B3E6A17 606AF333 3D3B4C73 E8300D06 092A8648 86F70D01 010B0500 
  03820101 00507F24 D3932A66 86025D9F E838AE5C 6D4DF6B0 49631C78 240DA905 
  604EDCDE FF4FED2B 77FC460E CD636FDB DD44681E 3A5673AB 9093D3B1 6C9E3D8B 
  D98987BF E40CBD9E 1AECA0C2 2189BB5C 8FA85686 CD98B646 5575B146 8DFC66A8 
  467A3DF4 4D565700 6ADF0F0D CF835015 3C04FF7C 21E878AC 11BA9CD2 55A9232C 
  7CA7B7E6 C1AF74F6 152E99B7 B1FCF9BB E973DE7F 5BDDEB86 C71E3B49 1765308B 
  5FB0DA06 B92AFE7F 494E8A9E 07B85737 F3A58BE1 1A48A229 C37C1E69 39F08678 
  80DDCD16 D6BACECA EEBC7CF9 8428787B 35202CDC 60E4616A B623CDBD 230E3AFB 
  418616A9 4093E049 4D10AB75 27E86F73 932E35B5 8862FDAE 0275156F 719BB2F0 
  D697DF7F 28
  	quit
crypto pki certificate chain TP-self-signed-1903605170
 certificate self-signed 01
  30820330 30820218 A0030201 02020101 300D0609 2A864886 F70D0101 05050030 
  31312F30 2D060355 04031326 494F532D 53656C66 2D536967 6E65642D 43657274 
  69666963 6174652D 31393033 36303531 3730301E 170D3231 30353235 30373534 
  33335A17 0D333030 31303130 30303030 305A3031 312F302D 06035504 03132649 
  4F532D53 656C662D 5369676E 65642D43 65727469 66696361 74652D31 39303336 
  30353137 30308201 22300D06 092A8648 86F70D01 01010500 0382010F 00308201 
  0A028201 0100D0CF 607BDD70 545F3484 599E2C42 B050562D A2C05793 645CA131 
  67B7B47C A5BE7EC2 702F812A 32DA2BB3 F5EEE68F F784EA33 D562AEFF E477742A 
  1D081E62 22218AB6 05CC6E1E 14308E61 6CB027B4 EA2B11D0 C9CA6F72 EEFDB775 
  F63ACD66 8703B9D0 B1F62812 34FDFE68 C68A8923 F13E39F0 9D536AE4 AB0B24DB 
  9E913A75 7DA3D275 99F78675 B173CC6D 0C971B9A 5AC71D70 10C4F531 D577879A 
  5C2A3A7A 3B04EBA1 F699A3CC 706FBD1F 5D0A497E 5579F010 3A4DEE42 97C7C008 
  421F7C77 EFED0450 F375913E 24DC7FAB 8B12A507 326B0031 9A7E2E3E 63A74A0B 
  C7E98B0A B2D67C56 6E0F095E 7B30F097 026454AB 7AB38B51 95505F01 F1C352B0 
  231D1A5D 46DF0203 010001A3 53305130 0F060355 1D130101 FF040530 030101FF 
  301F0603 551D2304 18301680 14C0812B 98E64BFF 44205E9D DA42E3D2 E182589D 
  6F301D06 03551D0E 04160414 C0812B98 E64BFF44 205E9DDA 42E3D2E1 82589D6F 
  300D0609 2A864886 F70D0101 05050003 82010100 646BF45A E9510E5B 3C33332C 
  347F484B E59FAEC9 3FDA9820 B0C80900 B29E08D0 C7116C16 0911C942 1ED3B568 
  54AE379F 577554B1 CE192B93 3D6AB2E5 6848972D F2BEC1FB 89261FA7 191F01D4 
  55CE21A2 2401D474 CA1194B3 17C009A3 E7CE07F3 74C259AA 52B4B572 B4C3152E 
  3D2740BE 5FB962C8 7A5F1DEF 810E0F9B 518D23AA C0016FC3 8A739D47 A73184D4 
  2B1DA388 7FE65849 E6B5AD55 99D0C1C6 2726A3E1 A38D4342 5619F096 4D0BF1D3 
  36177740 7BB76C18 CCB18612 A19C197C 6F175CEF 1A7D5EF2 51F52C2F 9F16DC6D 
  234180E0 C970D97F 2D701B72 F4F80481 FC0D5B8C AF460972 E9ABBAC4 CD80E681 
  5D62730A 3EDB76F5 8644D08A DADF0BCA AE795EC5
  	quit
!
license udi pid CSR1000V sn 9JG6SI6JATA
diagnostic bootup level minimal
!
spanning-tree extend system-id
memory free low-watermark processor 80526
!
!
!
username cisco privilege 15 secret 9 $9$X8t5V6eWdPoRd.$wOxXAiJ8i7jeYcH70M82cMnxDgwX.31ymh9Y18oj3eg
!
redundancy
!
!
!
!
!
!
! 
!
!
!
!
!
!
!
!
!
!
!
!
! 
! 
!
!
interface Loopback0
 description to
 no ip address
 shutdown
!
interface GigabitEthernet1
 description to port1.sandbox-backend
 vrf forwarding Mgmt-intf
 ip address 10.10.20.181 255.255.255.0
 negotiation auto
 no mop enabled
 no mop sysid
!
interface GigabitEthernet2
 description to GigabitEthernet0/0.edge-firewall01
 ip address 172.31.252.1 255.255.255.0
 negotiation auto
 no mop enabled
 no mop sysid
!
interface GigabitEthernet3
 description to enp0s2.internet-host01
 ip address 172.31.0.1 255.255.255.0
 negotiation auto
 no mop enabled
 no mop sysid
!
interface GigabitEthernet4
 description to
 no ip address
 shutdown
 negotiation auto
 no mop enabled
 no mop sysid
!
ip forward-protocol nd
no ip http server
ip http secure-server
ip route 172.16.0.0 255.255.0.0 172.31.252.2
ip route vrf Mgmt-intf 0.0.0.0 0.0.0.0 10.10.20.254
!
ip ssh server algorithm authentication password
!
!
!
!
!
!
!
control-plane
!
!
!
!
!
!
line con 0
 exec-timeout 0 0
 password cisco
 stopbits 1
line vty 0 4
 exec-timeout 720 0
 password cisco
 login local
 transport input telnet ssh
!
!
!
!
!
!
end